
Showing logs for build [32mcb-kubecd-bdd-sbrp-import-15842-7mrc6-1[0m stage [32mfrom-build-pack[0m and container [32mstep-credential-initializer-xx259[0m
{"level":"warn","ts":1584287050.3082647,"logger":"fallback-logger","caller":"logging/config.go:69","msg":"Fetch GitHub commit ID from kodata failed: \"ref: refs/heads/0.8.0-**-support-backwards-incompats\" is not a valid GitHub commit ID"}
{"level":"info","ts":1584287050.3088214,"logger":"fallback-logger","caller":"creds-init/main.go:40","msg":"Credentials initialized."}

Showing logs for build [32mcb-kubecd-bdd-sbrp-import-15842-7mrc6-1[0m stage [32mfrom-build-pack[0m and container [32mstep-working-dir-initializer-z4dg8[0m
{"level":"warn","ts":1584287051.8902538,"logger":"fallback-logger","caller":"logging/config.go:69","msg":"Fetch GitHub commit ID from kodata failed: open /var/run/ko/HEAD: no such file or directory"}
{"level":"info","ts":1584287051.8931592,"logger":"fallback-logger","caller":"bash/main.go:64","msg":"Successfully executed command \"sh -c mkdir -p /workspace/source\"; output "}

Showing logs for build [32mcb-kubecd-bdd-sbrp-import-15842-7mrc6-1[0m stage [32mfrom-build-pack[0m and container [32mstep-place-tools[0m

Showing logs for build [32mcb-kubecd-bdd-sbrp-import-15842-7mrc6-1[0m stage [32mfrom-build-pack[0m and container [32mstep-git-source-cb-kubecd-bdd-sbrp-import-15842-7mrc6-2n5vn[0m
{"level":"warn","ts":1584287060.1440713,"logger":"fallback-logger","caller":"logging/config.go:69","msg":"Fetch GitHub commit ID from kodata failed: \"ref: refs/heads/0.8.0-**-support-backwards-incompats\" is not a valid GitHub commit ID"}
{"level":"info","ts":1584287061.3568413,"logger":"fallback-logger","caller":"git/git.go:103","msg":"Successfully cloned https://github.com/cb-kubecd/bdd-sbrp-import-1584285494.git @ v0.0.1 in path /workspace/source"}

Showing logs for build [32mcb-kubecd-bdd-sbrp-import-15842-7mrc6-1[0m stage [32mfrom-build-pack[0m and container [32mstep-git-merge[0m
Using SHAs from PULL_REFS=master:2458e3b370710c7f2a4efef193772dd144ee37e3
WARNING: no SHAs to merge, falling back to initial cloned commit

Showing logs for build [32mcb-kubecd-bdd-sbrp-import-15842-7mrc6-1[0m stage [32mfrom-build-pack[0m and container [32mstep-setup-jx-git-credentials[0m
Generated Git credentials file /workspace/xdg_config/git/credentials

Showing logs for build [32mcb-kubecd-bdd-sbrp-import-15842-7mrc6-1[0m stage [32mfrom-build-pack[0m and container [32mstep-build-mvn-deploy[0m
Picked up _JAVA_OPTIONS: -XX:+UnlockExperimentalVMOptions -XX:+UseCGroupMemoryLimitForHeap -Dsun.zip.disableMemoryMapping=true -XX:+UseParallelGC -XX:MinHeapFreeRatio=5 -XX:MaxHeapFreeRatio=10 -XX:GCTimeRatio=4 -XX:AdaptiveSizePolicyWeight=90 -Xms10m -Xmx192m
OpenJDK 64-Bit Server VM warning: If the number of processors is expected to increase from one, then you should configure the number of parallel GC threads appropriately using -XX:ParallelGCThreads=N
[INFO] Scanning for projects...
[INFO] 
[INFO] -----< com.github.jenkinsx.quickstarts:bdd-sbrp-import-1584285494 >-----
[INFO] Building spring-boot-rest-prometheus 0.0.1
[INFO] --------------------------------[ jar ]---------------------------------
[INFO] 
[INFO] --- maven-clean-plugin:3.1.0:clean (default-clean) @ bdd-sbrp-import-1584285494 ---
[INFO] 
[INFO] --- maven-resources-plugin:3.1.0:resources (default-resources) @ bdd-sbrp-import-1584285494 ---
[INFO] Using 'UTF-8' encoding to copy filtered resources.
[INFO] Copying 1 resource
[INFO] Copying 0 resource
[INFO] 
[INFO] --- maven-compiler-plugin:3.8.0:compile (default-compile) @ bdd-sbrp-import-1584285494 ---
[INFO] Changes detected - recompiling the module!
[INFO] Compiling 1 source file to /workspace/source/target/classes
[INFO] 
[INFO] --- maven-resources-plugin:3.1.0:testResources (default-testResources) @ bdd-sbrp-import-1584285494 ---
[INFO] Using 'UTF-8' encoding to copy filtered resources.
[INFO] skip non existing resourceDirectory /workspace/source/src/test/resources
[INFO] 
[INFO] --- maven-compiler-plugin:3.8.0:testCompile (default-testCompile) @ bdd-sbrp-import-1584285494 ---
[INFO] Changes detected - recompiling the module!
[INFO] Compiling 1 source file to /workspace/source/target/test-classes
[INFO] 
[INFO] --- maven-surefire-plugin:3.0.0-M1:test (default-test) @ bdd-sbrp-import-1584285494 ---
[INFO] 
[INFO] -------------------------------------------------------
[INFO]  T E S T S
[INFO] -------------------------------------------------------
[INFO] Running com.github.jenkinsx.quickstarts.springboot.rest.prometheus.RestPrometheusApplicationTests
15:44:53.054 [main] DEBUG org.springframework.test.context.junit4.SpringJUnit4ClassRunner - SpringJUnit4ClassRunner constructor called with [class com.github.jenkinsx.quickstarts.springboot.rest.prometheus.RestPrometheusApplicationTests]
15:44:53.067 [main] DEBUG org.springframework.test.context.BootstrapUtils - Instantiating CacheAwareContextLoaderDelegate from class [org.springframework.test.context.cache.DefaultCacheAwareContextLoaderDelegate]
15:44:53.086 [main] DEBUG org.springframework.test.context.BootstrapUtils - Instantiating BootstrapContext using constructor [public org.springframework.test.context.support.DefaultBootstrapContext(java.lang.Class,org.springframework.test.context.CacheAwareContextLoaderDelegate)]
15:44:53.148 [main] DEBUG org.springframework.test.context.BootstrapUtils - Instantiating TestContextBootstrapper for test class [com.github.jenkinsx.quickstarts.springboot.rest.prometheus.RestPrometheusApplicationTests] from class [org.springframework.boot.test.context.SpringBootTestContextBootstrapper]
15:44:53.189 [main] INFO org.springframework.boot.test.context.SpringBootTestContextBootstrapper - Neither @ContextConfiguration nor @ContextHierarchy found for test class [com.github.jenkinsx.quickstarts.springboot.rest.prometheus.RestPrometheusApplicationTests], using SpringBootContextLoader
15:44:53.193 [main] DEBUG org.springframework.test.context.support.AbstractContextLoader - Did not detect default resource location for test class [com.github.jenkinsx.quickstarts.springboot.rest.prometheus.RestPrometheusApplicationTests]: class path resource [com/github/jenkinsx/quickstarts/springboot/rest/prometheus/RestPrometheusApplicationTests-context.xml] does not exist
15:44:53.219 [main] DEBUG org.springframework.test.context.support.AbstractContextLoader - Did not detect default resource location for test class [com.github.jenkinsx.quickstarts.springboot.rest.prometheus.RestPrometheusApplicationTests]: class path resource [com/github/jenkinsx/quickstarts/springboot/rest/prometheus/RestPrometheusApplicationTestsContext.groovy] does not exist
15:44:53.219 [main] INFO org.springframework.test.context.support.AbstractContextLoader - Could not detect default resource locations for test class [com.github.jenkinsx.quickstarts.springboot.rest.prometheus.RestPrometheusApplicationTests]: no resource found for suffixes {-context.xml, Context.groovy}.
15:44:53.220 [main] INFO org.springframework.test.context.support.AnnotationConfigContextLoaderUtils - Could not detect default configuration classes for test class [com.github.jenkinsx.quickstarts.springboot.rest.prometheus.RestPrometheusApplicationTests]: RestPrometheusApplicationTests does not declare any static, non-private, non-final, nested classes annotated with @Configuration.
15:44:53.388 [main] DEBUG org.springframework.test.context.support.ActiveProfilesUtils - Could not find an 'annotation declaring class' for annotation type [org.springframework.test.context.ActiveProfiles] and class [com.github.jenkinsx.quickstarts.springboot.rest.prometheus.RestPrometheusApplicationTests]
15:44:53.647 [main] DEBUG org.springframework.context.annotation.ClassPathScanningCandidateComponentProvider - Identified candidate component class: file [/workspace/source/target/classes/com/github/jenkinsx/quickstarts/springboot/rest/prometheus/RestPrometheusApplication.class]
15:44:53.649 [main] INFO org.springframework.boot.test.context.SpringBootTestContextBootstrapper - Found @SpringBootConfiguration com.github.jenkinsx.quickstarts.springboot.rest.prometheus.RestPrometheusApplication for test class com.github.jenkinsx.quickstarts.springboot.rest.prometheus.RestPrometheusApplicationTests
15:44:53.931 [main] DEBUG org.springframework.boot.test.context.SpringBootTestContextBootstrapper - @TestExecutionListeners is not present for class [com.github.jenkinsx.quickstarts.springboot.rest.prometheus.RestPrometheusApplicationTests]: using defaults.
15:44:53.932 [main] INFO org.springframework.boot.test.context.SpringBootTestContextBootstrapper - Loaded default TestExecutionListener class names from location [META-INF/spring.factories]: [org.springframework.boot.test.mock.mockito.MockitoTestExecutionListener, org.springframework.boot.test.mock.mockito.ResetMocksTestExecutionListener, org.springframework.boot.test.autoconfigure.restdocs.RestDocsTestExecutionListener, org.springframework.boot.test.autoconfigure.web.client.MockRestServiceServerResetTestExecutionListener, org.springframework.boot.test.autoconfigure.web.servlet.MockMvcPrintOnlyOnFailureTestExecutionListener, org.springframework.boot.test.autoconfigure.web.servlet.WebDriverTestExecutionListener, org.springframework.test.context.web.ServletTestExecutionListener, org.springframework.test.context.support.DirtiesContextBeforeModesTestExecutionListener, org.springframework.test.context.support.DependencyInjectionTestExecutionListener, org.springframework.test.context.support.DirtiesContextTestExecutionListener, org.springframework.test.context.transaction.TransactionalTestExecutionListener, org.springframework.test.context.jdbc.SqlScriptsTestExecutionListener]
15:44:53.949 [main] DEBUG org.springframework.boot.test.context.SpringBootTestContextBootstrapper - Skipping candidate TestExecutionListener [org.springframework.test.context.transaction.TransactionalTestExecutionListener] due to a missing dependency. Specify custom listener classes or make the default listener classes and their required dependencies available. Offending class: [org/springframework/transaction/TransactionDefinition]
15:44:53.950 [main] DEBUG org.springframework.boot.test.context.SpringBootTestContextBootstrapper - Skipping candidate TestExecutionListener [org.springframework.test.context.jdbc.SqlScriptsTestExecutionListener] due to a missing dependency. Specify custom listener classes or make the default listener classes and their required dependencies available. Offending class: [org/springframework/transaction/interceptor/TransactionAttribute]
15:44:53.950 [main] INFO org.springframework.boot.test.context.SpringBootTestContextBootstrapper - Using TestExecutionListeners: [org.springframework.test.context.web.ServletTestExecutionListener@619713e5, org.springframework.test.context.support.DirtiesContextBeforeModesTestExecutionListener@708f5957, org.springframework.boot.test.mock.mockito.MockitoTestExecutionListener@68999068, org.springframework.boot.test.autoconfigure.SpringBootDependencyInjectionTestExecutionListener@7722c3c3, org.springframework.test.context.support.DirtiesContextTestExecutionListener@2ef3eef9, org.springframework.boot.test.mock.mockito.ResetMocksTestExecutionListener@243c4f91, org.springframework.boot.test.autoconfigure.restdocs.RestDocsTestExecutionListener@291ae, org.springframework.boot.test.autoconfigure.web.client.MockRestServiceServerResetTestExecutionListener@61df66b6, org.springframework.boot.test.autoconfigure.web.servlet.MockMvcPrintOnlyOnFailureTestExecutionListener@50eac852, org.springframework.boot.test.autoconfigure.web.servlet.WebDriverTestExecutionListener@16ec5519]
15:44:53.952 [main] DEBUG org.springframework.test.annotation.ProfileValueUtils - Retrieved @ProfileValueSourceConfiguration [null] for test class [com.github.jenkinsx.quickstarts.springboot.rest.prometheus.RestPrometheusApplicationTests]
15:44:53.953 [main] DEBUG org.springframework.test.annotation.ProfileValueUtils - Retrieved ProfileValueSource type [class org.springframework.test.annotation.SystemProfileValueSource] for class [com.github.jenkinsx.quickstarts.springboot.rest.prometheus.RestPrometheusApplicationTests]
15:44:53.954 [main] DEBUG org.springframework.test.annotation.ProfileValueUtils - Retrieved @ProfileValueSourceConfiguration [null] for test class [com.github.jenkinsx.quickstarts.springboot.rest.prometheus.RestPrometheusApplicationTests]
15:44:53.954 [main] DEBUG org.springframework.test.annotation.ProfileValueUtils - Retrieved ProfileValueSource type [class org.springframework.test.annotation.SystemProfileValueSource] for class [com.github.jenkinsx.quickstarts.springboot.rest.prometheus.RestPrometheusApplicationTests]
15:44:53.955 [main] DEBUG org.springframework.test.annotation.ProfileValueUtils - Retrieved @ProfileValueSourceConfiguration [null] for test class [com.github.jenkinsx.quickstarts.springboot.rest.prometheus.RestPrometheusApplicationTests]
15:44:53.956 [main] DEBUG org.springframework.test.annotation.ProfileValueUtils - Retrieved ProfileValueSource type [class org.springframework.test.annotation.SystemProfileValueSource] for class [com.github.jenkinsx.quickstarts.springboot.rest.prometheus.RestPrometheusApplicationTests]
15:44:53.960 [main] DEBUG org.springframework.test.context.support.AbstractDirtiesContextTestExecutionListener - Before test class: context [DefaultTestContext@1d9b7cce testClass = RestPrometheusApplicationTests, testInstance = [null], testMethod = [null], testException = [null], mergedContextConfiguration = [WebMergedContextConfiguration@4d9e68d0 testClass = RestPrometheusApplicationTests, locations = '{}', classes = '{class com.github.jenkinsx.quickstarts.springboot.rest.prometheus.RestPrometheusApplication}', contextInitializerClasses = '[]', activeProfiles = '{}', propertySourceLocations = '{}', propertySourceProperties = '{org.springframework.boot.test.context.SpringBootTestContextBootstrapper=true}', contextCustomizers = set[org.springframework.boot.test.context.filter.ExcludeFilterContextCustomizer@56aac163, org.springframework.boot.test.json.DuplicateJsonObjectContextCustomizerFactory$DuplicateJsonObjectContextCustomizer@396f6598, org.springframework.boot.test.mock.mockito.MockitoContextCustomizer@0, org.springframework.boot.test.web.client.TestRestTemplateContextCustomizer@57e1b0c, org.springframework.boot.test.autoconfigure.properties.PropertyMappingContextCustomizer@0, org.springframework.boot.test.autoconfigure.web.servlet.WebDriverContextCustomizerFactory$Customizer@480bdb19], resourceBasePath = 'src/main/webapp', contextLoader = 'org.springframework.boot.test.context.SpringBootContextLoader', parent = [null]], attributes = map['org.springframework.test.context.web.ServletTestExecutionListener.activateListener' -> true]], class annotated with @DirtiesContext [false] with mode [null].
15:44:53.965 [main] DEBUG org.springframework.test.annotation.ProfileValueUtils - Retrieved @ProfileValueSourceConfiguration [null] for test class [com.github.jenkinsx.quickstarts.springboot.rest.prometheus.RestPrometheusApplicationTests]
15:44:53.966 [main] DEBUG org.springframework.test.annotation.ProfileValueUtils - Retrieved ProfileValueSource type [class org.springframework.test.annotation.SystemProfileValueSource] for class [com.github.jenkinsx.quickstarts.springboot.rest.prometheus.RestPrometheusApplicationTests]
15:44:54.059 [main] DEBUG org.springframework.test.context.support.TestPropertySourceUtils - Adding inlined properties to environment: {spring.jmx.enabled=false, org.springframework.boot.test.context.SpringBootTestContextBootstrapper=true, server.port=-1}

  .   ____          _            __ _ _
 /\\ / ___'_ __ _ _(_)_ __  __ _ \ \ \ \
( ( )\___ | '_ | '_| | '_ \/ _` | \ \ \ \
 \\/  ___)| |_)| | | | | || (_| |  ) ) ) )
  '  |____| .__|_| |_|_| |_\__, | / / / /
 =========|_|==============|___/=/_/_/_/
 :: Spring Boot ::        (v2.1.2.RELEASE)

2020-03-15 15:44:55.320  INFO 69 --- [           main] j.q.s.r.p.RestPrometheusApplicationTests : Starting RestPrometheusApplicationTests on cb-kubecd-bdd-sbrp-import-15842-7mrc6-1-from-build-pack-rpmfr-p with PID 69 (started by root in /workspace/source)
2020-03-15 15:44:55.325  INFO 69 --- [           main] j.q.s.r.p.RestPrometheusApplicationTests : No active profile set, falling back to default profiles: default
2020-03-15 15:45:05.519  INFO 69 --- [           main] o.s.s.concurrent.ThreadPoolTaskExecutor  : Initializing ExecutorService 'applicationTaskExecutor'
2020-03-15 15:45:08.726  INFO 69 --- [           main] o.s.b.a.e.web.EndpointLinksResolver      : Exposing 2 endpoint(s) beneath base path '/actuator'
2020-03-15 15:45:08.948  INFO 69 --- [           main] j.q.s.r.p.RestPrometheusApplicationTests : Started RestPrometheusApplicationTests in 14.874 seconds (JVM running for 17.123)
[INFO] Tests run: 1, Failures: 0, Errors: 0, Skipped: 0, Time elapsed: 16.866 s - in com.github.jenkinsx.quickstarts.springboot.rest.prometheus.RestPrometheusApplicationTests
2020-03-15 15:45:09.622  INFO 69 --- [       Thread-4] o.s.s.concurrent.ThreadPoolTaskExecutor  : Shutting down ExecutorService 'applicationTaskExecutor'
[INFO] 
[INFO] Results:
[INFO] 
[INFO] Tests run: 1, Failures: 0, Errors: 0, Skipped: 0
[INFO] 
[INFO] 
[INFO] --- maven-jar-plugin:3.1.1:jar (default-jar) @ bdd-sbrp-import-1584285494 ---
[INFO] Building jar: /workspace/source/target/bdd-sbrp-import-1584285494-0.0.1.jar
[INFO] 
[INFO] --- spring-boot-maven-plugin:2.1.2.RELEASE:repackage (repackage) @ bdd-sbrp-import-1584285494 ---
[INFO] Replacing main artifact with repackaged archive
[INFO] 
[INFO] --- maven-install-plugin:2.5.2:install (default-install) @ bdd-sbrp-import-1584285494 ---
[INFO] Installing /workspace/source/target/bdd-sbrp-import-1584285494-0.0.1.jar to /home/jenkins/.mvnrepository/com/github/jenkinsx/quickstarts/bdd-sbrp-import-1584285494/0.0.1/bdd-sbrp-import-1584285494-0.0.1.jar
[INFO] Installing /workspace/source/pom.xml to /home/jenkins/.mvnrepository/com/github/jenkinsx/quickstarts/bdd-sbrp-import-1584285494/0.0.1/bdd-sbrp-import-1584285494-0.0.1.pom
[INFO] 
[INFO] --- maven-deploy-plugin:2.8.2:deploy (default-deploy) @ bdd-sbrp-import-1584285494 ---
[INFO] Using alternate deployment repository local-nexus::default::http://nexus/repository/maven-releases/
[INFO] ------------------------------------------------------------------------
[INFO] BUILD SUCCESS
[INFO] ------------------------------------------------------------------------
[INFO] Total time:  46.556 s
[INFO] Finished at: 2020-03-15T15:45:16Z
[INFO] ------------------------------------------------------------------------

Showing logs for build [32mcb-kubecd-bdd-sbrp-import-15842-7mrc6-1[0m stage [32mfrom-build-pack[0m and container [32mstep-build-skaffold-version[0m
v1.0.1

Showing logs for build [32mcb-kubecd-bdd-sbrp-import-15842-7mrc6-1[0m stage [32mfrom-build-pack[0m and container [32mstep-build-container-build[0m
[36mINFO[0m[0000] Downloading base image openjdk:8-jdk-slim    
ERROR: logging before flag.Parse: E0315 15:45:19.071084      11 metadata.go:142] while reading 'google-dockercfg' metadata: http status code: 404 while fetching url http://metadata.google.internal./computeMetadata/v1/instance/attributes/google-dockercfg
ERROR: logging before flag.Parse: E0315 15:45:19.073964      11 metadata.go:159] while reading 'google-dockercfg-url' metadata: http status code: 404 while fetching url http://metadata.google.internal./computeMetadata/v1/instance/attributes/google-dockercfg-url
2020/03/15 15:45:19 No matching credentials were found, falling back on anonymous
[36mINFO[0m[0001] Error while retrieving image from cache: getting file info: stat /workspace/sha256:9a6201786a233a26fa84d1f61affddacab15e9cba06bb9cf0db38ec9c285773b: no such file or directory 
[36mINFO[0m[0001] Downloading base image openjdk:8-jdk-slim    
2020/03/15 15:45:20 No matching credentials were found, falling back on anonymous
[36mINFO[0m[0002] cmd: EXPOSE                                  
[36mINFO[0m[0002] Adding exposed port: 8080/tcp                
[36mINFO[0m[0002] Using files from context: [/workspace/source/pom.xml] 
[36mINFO[0m[0002] Using files from context: [/workspace/source/target/bdd-sbrp-import-1584285494-0.0.1.jar] 
[36mINFO[0m[0002] Skipping unpacking as no commands require it. 
[36mINFO[0m[0002] Taking snapshot of full filesystem...        
[36mINFO[0m[0002] ENV PORT 8080                                
[36mINFO[0m[0002] No files changed in this command, skipping snapshotting. 
[36mINFO[0m[0002] ENV CLASSPATH /opt/lib                       
[36mINFO[0m[0002] No files changed in this command, skipping snapshotting. 
[36mINFO[0m[0002] EXPOSE 8080                                  
[36mINFO[0m[0002] cmd: EXPOSE                                  
[36mINFO[0m[0002] Adding exposed port: 8080/tcp                
[36mINFO[0m[0002] No files changed in this command, skipping snapshotting. 
[36mINFO[0m[0002] Using files from context: [/workspace/source/pom.xml] 
[36mINFO[0m[0002] COPY pom.xml target/lib* /opt/lib/           
[36mINFO[0m[0002] Taking snapshot of files...                  
[36mINFO[0m[0002] Using files from context: [/workspace/source/target/bdd-sbrp-import-1584285494-0.0.1.jar] 
[36mINFO[0m[0002] COPY target/*.jar /opt/app.jar               
[36mINFO[0m[0002] Taking snapshot of files...                  
[36mINFO[0m[0002] WORKDIR /opt                                 
[36mINFO[0m[0002] cmd: workdir                                 
[36mINFO[0m[0002] Changed working directory to /opt            
[36mINFO[0m[0002] No files changed in this command, skipping snapshotting. 
[36mINFO[0m[0002] CMD ["java", "-XX:+UnlockExperimentalVMOptions", "-XX:+UseCGroupMemoryLimitForHeap", "-jar", "app.jar"] 
[36mINFO[0m[0002] No files changed in this command, skipping snapshotting. 
2020/03/15 15:45:22 existing blob: sha256:cd812b6e86d2716865163d0858b828d2adbce541cd7b2f057ec5a461f0ac4301
2020/03/15 15:45:22 existing blob: sha256:1036c6da18fe8ac7f046061bc1cc870d2a1608caceded73416ec139bae64a0c6
2020/03/15 15:45:22 existing blob: sha256:68ced04f60ab5c7a5f1d0b0b4e7572c5a4c8cce44866513d30d9df1a15277d6b
2020/03/15 15:45:22 existing blob: sha256:4874c5772968dcab87c114bee2baf2c7e9a06dda36e63bdfeab71bd4d6f02890
2020/03/15 15:45:25 pushed blob: sha256:ba54a46321d2466b9b95b173adbe6fcf441311be8962bd86bb7e383e239c74d6
2020/03/15 15:45:25 pushed blob: sha256:800f2b599bfbaa79f4587407cbe4b6ce5eed8e891736c0b151a9e8b4871eebbe
2020/03/15 15:45:27 pushed blob: sha256:a98e5be3556283dbd27b5e88fc86a514a6eac809a7a69035baf9ecd32e776ea1
2020/03/15 15:45:28 gcr.io/jenkins-x-bdd3/bdd-sbrp-import-1584285494:0.0.1: digest: sha256:0ee2278baa02ebdfd41757d12c59a0442399beae250f0bf5c13cb5caa4cefe4d size: 1244

Showing logs for build [32mcb-kubecd-bdd-sbrp-import-15842-7mrc6-1[0m stage [32mfrom-build-pack[0m and container [32mstep-build-post-build[0m
no CVE provider running in the current ** namespace so skip adding image to be analysed

Showing logs for build [32mcb-kubecd-bdd-sbrp-import-15842-7mrc6-1[0m stage [32mfrom-build-pack[0m and container [32mstep-promote-changelog[0m
Converted /workspace/source/charts/bdd-sbrp-import-1584285494 to an unshallow repository
Generating change log from git ref 006fa92a5633bb8a9b12c16d0a348bb74bd069ef => 0ae607fa8844dcc99d534003029413c8ed194dcc
Associating user x-0 in users.jenkins.io with email c**d-bot@cloudbees.com to git GitProvider user with login -0 as emails match
Adding label jenkins.io/git-github-userid=-0 to user x-0 in users.jenkins.io
WARNING: Failed to enrich commit 2458e3b370710c7f2a4efef193772dd144ee37e3 with issues: User.jenkins.io "x-0" is invalid: metadata.labels: Invalid value: "-0": a valid label must be an empty string or consist of alphanumeric characters, '-', '_' or '.', and must start and end with an alphanumeric character (e.g. 'MyValue',  or 'my_value',  or '12345', regex used for validation is '(([A-Za-z0-9][-A-Za-z0-9_.]*)?[A-Za-z0-9])?')
Associating user x-0 in users.jenkins.io with email c**d-bot@cloudbees.com to git GitProvider user with login -0 as emails match
Adding label jenkins.io/git-github-userid=-0 to user x-0 in users.jenkins.io
WARNING: Failed to enrich commit 2458e3b370710c7f2a4efef193772dd144ee37e3 with issues: User.jenkins.io "x-0" is invalid: metadata.labels: Invalid value: "-0": a valid label must be an empty string or consist of alphanumeric characters, '-', '_' or '.', and must start and end with an alphanumeric character (e.g. 'MyValue',  or 'my_value',  or '12345', regex used for validation is '(([A-Za-z0-9][-A-Za-z0-9_.]*)?[A-Za-z0-9])?')
Finding issues in commit messages using git format
Associating user x-0 in users.jenkins.io with email c**d-bot@cloudbees.com to git GitProvider user with login -0 as emails match
Adding label jenkins.io/git-github-userid=-0 to user x-0 in users.jenkins.io
WARNING: Failed to enrich commit 3d9d2b8cbdad6ddfc4505f664dd36d5a2e688bd1 with issues: User.jenkins.io "x-0" is invalid: metadata.labels: Invalid value: "-0": a valid label must be an empty string or consist of alphanumeric characters, '-', '_' or '.', and must start and end with an alphanumeric character (e.g. 'MyValue',  or 'my_value',  or '12345', regex used for validation is '(([A-Za-z0-9][-A-Za-z0-9_.]*)?[A-Za-z0-9])?')
Associating user x-0 in users.jenkins.io with email c**d-bot@cloudbees.com to git GitProvider user with login -0 as emails match
Adding label jenkins.io/git-github-userid=-0 to user x-0 in users.jenkins.io
WARNING: Failed to enrich commit 3d9d2b8cbdad6ddfc4505f664dd36d5a2e688bd1 with issues: User.jenkins.io "x-0" is invalid: metadata.labels: Invalid value: "-0": a valid label must be an empty string or consist of alphanumeric characters, '-', '_' or '.', and must start and end with an alphanumeric character (e.g. 'MyValue',  or 'my_value',  or '12345', regex used for validation is '(([A-Za-z0-9][-A-Za-z0-9_.]*)?[A-Za-z0-9])?')
WARNING: No release found for cb-kubecd/bdd-sbrp-import-1584285494 and tag v0.0.1 so creating a new release
Updated the release information at https://github.com/cb-kubecd/bdd-sbrp-import-1584285494/releases/tag/v0.0.1
generated: /workspace/source/charts/bdd-sbrp-import-1584285494/templates/release.yaml
Created Release bdd-sbrp-import-1584285494-0-0-1 resource in namespace **
Updating PipelineActivity cb-kubecd-bdd-sbrp-import-1584285494-master-1 with version 0.0.1
Updated PipelineActivities cb-kubecd-bdd-sbrp-import-1584285494-master-1 with release notes URL: https://github.com/cb-kubecd/bdd-sbrp-import-1584285494/releases/tag/v0.0.1

Showing logs for build [32mcb-kubecd-bdd-sbrp-import-15842-7mrc6-1[0m stage [32mfrom-build-pack[0m and container [32mstep-promote-helm-release[0m
WARNING: No $CHART_REPOSITORY defined so using the default value of: http://jenkins-x-chartmuseum:8080
Adding missing Helm repo: storage.googleapis.com https://storage.googleapis.com/chartmuseum.jenkins-x.io
WARNING: No secrets found on "helm/repos" due: reading the secret "helm/repos" from vault: no secret "helm/repos" not found in vault
Read credentials for https://storage.googleapis.com/chartmuseum.jenkins-x.io from vault helm/repos
Successfully added Helm repository storage.googleapis.com.
Adding missing Helm repo: jenkins-x-chartmuseum http://jenkins-x-chartmuseum:8080
WARNING: No secrets found on "helm/repos" due: reading the secret "helm/repos" from vault: no secret "helm/repos" not found in vault
Read credentials for http://jenkins-x-chartmuseum:8080 from vault helm/repos
Successfully added Helm repository jenkins-x-chartmuseum.
WARNING: No $CHART_REPOSITORY defined so using the default value of: http://jenkins-x-chartmuseum:8080
Uploading chart file bdd-sbrp-import-1584285494-0.0.1.tgz to http://jenkins-x-chartmuseum:8080/api/charts
Received 201 response: {"saved":true}

Showing logs for build [32mcb-kubecd-bdd-sbrp-import-15842-7mrc6-1[0m stage [32mfrom-build-pack[0m and container [32mstep-promote-jx-promote[0m
WARNING: prow based install so skip waiting for the merge of Pull Requests to go green as currently there is an issue with gettingstatuses from the PR, see https://github.com/jenkins-x/**/issues/2410
WARNING: No $CHART_REPOSITORY defined so using the default value of: http://jenkins-x-chartmuseum:8080
Promoting app bdd-sbrp-import-1584285494 version 0.0.1 to namespace **-staging
WARNING: 
Created Pull Request: https://github.com/cb-kubecd/environment-pr-182-73-boot-gke-staging/pull/8
Added label updatebot to Pull Request https://github.com/cb-kubecd/environment-pr-182-73-boot-gke-staging/pull/8
got git provider status pending from PR https://github.com/cb-kubecd/environment-pr-182-73-boot-gke-staging/pull/8
got git provider status pending from PR https://github.com/cb-kubecd/environment-pr-182-73-boot-gke-staging/pull/8
got git provider status pending from PR https://github.com/cb-kubecd/environment-pr-182-73-boot-gke-staging/pull/8
got git provider status pending from PR https://github.com/cb-kubecd/environment-pr-182-73-boot-gke-staging/pull/8
got git provider status pending from PR https://github.com/cb-kubecd/environment-pr-182-73-boot-gke-staging/pull/8
got git provider status pending from PR https://github.com/cb-kubecd/environment-pr-182-73-boot-gke-staging/pull/8
Pull Request https://github.com/cb-kubecd/environment-pr-182-73-boot-gke-staging/pull/8 is merged at sha bd211a11f89429565e9716025a94051c62cca5e2
Pull Request merged but we are not waiting for the update pipeline to complete!
WARNING: Could not find the service URL in namespace **-staging for names bdd-sbrp-import-1584285494, **-bdd-sbrp-import-1584285494, **-staging-bdd-sbrp-import-1584285494
